<?xml version="1.0" encoding="UTF-8"?>
<!-- Generated by org.testng.reporters.JUnitReportReporter -->
<testsuite skipped="0" hostname="TVT-A-EC-729" name="sum3.sum3.Sum" tests="1" failures="0" timestamp="17 Apr 2020 10:58:19 GMT" time="0.004" errors="0">
  <testcase name="trstMethod" time="0.004" classname="sum3.sum3.Sum"/>
</testsuite> <!-- sum3.sum3.Sum -->
